app/build/outputs/logs/manifest-merger-debug-report.txt
-- Merging decision tree log ---
manifest
ADDED from src\main\AndroidManifest.xml:2:1-186:12
INJECTED from src\main\AndroidManifest.xml:2:1-186:12
INJECTED from src\main\AndroidManifest.xml:2:1-186:12
INJECTED from src\main\AndroidManifest.xml:2:1-186:12
MERGED from [com.android.support:multidex:1.0.2] AndroidManifest.xml:17:1-22:12
MERGED from [com.miguelcatalan:materialsearchview:1.4.0] AndroidManifest.xml:2:1-13:12
MERGED from [com.android.support:design:25.4.0] AndroidManifest.xml:17:1-31:12
MERGED from [com.android.support:recyclerview-v7:25.4.0] AndroidManifest.xml:17:1-28:12
MERGED from [com.android.support:cardview-v7:25.4.0] AndroidManifest.xml:17:1-28:12
MERGED from [com.jakewharton.rxbinding2:rxbinding:2.0.0] AndroidManifest.xml:2:1-8:12
MERGED from [com.trello.rxlifecycle2:rxlifecycle-components:2.0.1] AndroidManifest.xml:13:1-19:12
MERGED from [com.trello.rxlifecycle2:rxlifecycle-android:2.0.1] AndroidManifest.xml:13:1-19:12
MERGED from [io.reactivex.rxjava2:rxandroid:2.0.1] AndroidManifest.xml:15:1-21:12
MERGED from [com.tbruyelle.rxpermissions2:rxpermissions:0.9.4] AndroidManifest.xml:2:1-13:12
MERGED from [jp.wasabeef:glide-transformations:2.0.2] AndroidManifest.xml:2:1-12:12
MERGED from [com.facebook.stetho:stetho-okhttp3:1.4.2] AndroidManifest.xml:2:1-13:12
MERGED from [com.flyco.tablayout:FlycoTabLayout_Lib:2.1.2] AndroidManifest.xml:2:1-12:12
MERGED from [com.github.hymanme.tagflowlayout:tagflowlayout:0.2.2] AndroidManifest.xml:2:1-17:12
MERGED from [com.youth.banner:banner:1.4.9] AndroidManifest.xml:2:1-11:12
MERGED from [com.github.CymChad:BaseRecyclerViewAdapterHelper:2.9.16] AndroidManifest.xml:2:1-11:12
MERGED from [tv.danmaku.ijk.media:ijkplayer-java:0.8.0] AndroidManifest.xml:2:1-9:12
MERGED from [tv.danmaku.ijk.media:ijkplayer-armv7a:0.8.0] AndroidManifest.xml:2:1-9:12
MERGED from [tv.danmaku.ijk.media:ijkplayer-armv5:0.8.0] AndroidManifest.xml:2:1-9:12
MERGED from [tv.danmaku.ijk.media:ijkplayer-x86:0.8.0] AndroidManifest.xml:2:1-9:12
MERGED from [com.github.ctiao:DanmakuFlameMaster:0.5.6] AndroidManifest.xml:17:1-26:12
MERGED from [com.facebook.stetho:stetho:1.4.2] AndroidManifest.xml:2:1-13:12
MERGED from [com.orhanobut:logger:1.15] AndroidManifest.xml:2:1-8:12
MERGED from [com.android.support:appcompat-v7:25.4.0] AndroidManifest.xml:17:1-31:12
MERGED from [com.android.support.constraint:constraint-layout:1.0.2] AndroidManifest.xml:2:1-11:12
MERGED from [com.android.support:transition:25.4.0] AndroidManifest.xml:17:1-28:12
MERGED from [com.android.support:support-v4:25.4.0] AndroidManifest.xml:17:1-31:12
MERGED from [com.android.support:animated-vector-drawable:25.4.0] AndroidManifest.xml:17:1-28:12
MERGED from [com.android.support:support-fragment:25.4.0] AndroidManifest.xml:17:1-31:12
MERGED from [com.android.support:support-core-ui:25.4.0] AndroidManifest.xml:17:1-31:12
MERGED from [com.android.support:support-vector-drawable:25.4.0] AndroidManifest.xml:17:1-28:12
MERGED from [com.android.support:support-media-compat:25.4.0] AndroidManifest.xml:17:1-31:12
MERGED from [com.android.support:support-core-utils:25.4.0] AndroidManifest.xml:17:1-31:12
MERGED from [com.android.support:support-compat:25.4.0] AndroidManifest.xml:17:1-31:12
INJECTED from src\main\AndroidManifest.xml:2:1-186:12
INJECTED from src\main\AndroidManifest.xml:2:1-186:12
INJECTED from src\main\AndroidManifest.xml:2:1-186:12
	package
		ADDED from src\main\AndroidManifest.xml:3:11-38
		INJECTED from src\main\AndroidManifest.xml
		INJECTED from src\main\AndroidManifest.xml
	android:versionName
		INJECTED from src\main\AndroidManifest.xml
		ADDED from src\main\AndroidManifest.xml:2:1-186:12
		INJECTED from src\main\AndroidManifest.xml
	android:versionCode
		INJECTED from src\main\AndroidManifest.xml
		ADDED from src\main\AndroidManifest.xml:2:1-186:12
		INJECTED from src\main\AndroidManifest.xml
	xmlns:android
		ADDED from src\main\AndroidManifest.xml:2:11-69
uses-permission#android.permission.ACCESS_WIFI_STATE
ADDED from src\main\AndroidManifest.xml:5:5-75
	android:name
		ADDED from src\main\AndroidManifest.xml:5:22-73
uses-permission#android.permission.ACCESS_NETWORK_STATE
ADDED from src\main\AndroidManifest.xml:6:5-78
	android:name
		ADDED from src\main\AndroidManifest.xml:6:22-76
uses-permission#android.permission.CHANGE_NETWORK_STATE
ADDED from src\main\AndroidManifest.xml:7:5-78
	android:name
		ADDED from src\main\AndroidManifest.xml:7:22-76
uses-permission#android.permission.CHANGE_WIFI_STATE
ADDED from src\main\AndroidManifest.xml:8:5-75
	android:name
		ADDED from src\main\AndroidManifest.xml:8:22-73
uses-permission#android.permission.INTERNET
ADDED from src\main\AndroidManifest.xml:9:5-66
	android:name
		ADDED from src\main\AndroidManifest.xml:9:22-64
uses-permission#android.permission.GET_TASKS
ADDED from src\main\AndroidManifest.xml:10:5-67
	android:name
		ADDED from src\main\AndroidManifest.xml:10:22-65
uses-permission#android.permission.WRITE_EXTERNAL_STORAGE
ADDED from src\main\AndroidManifest.xml:11:5-80
	android:name
		ADDED from src\main\AndroidManifest.xml:11:22-78
uses-permission#android.permission.READ_PHONE_STATE
ADDED from src\main\AndroidManifest.xml:12:5-74
	android:name
		ADDED from src\main\AndroidManifest.xml:12:22-72
uses-permission#android.permission.MANAGE_ACCOUNTS
ADDED from src\main\AndroidManifest.xml:13:5-73
	android:name
		ADDED from src\main\AndroidManifest.xml:13:22-71
uses-permission#android.permission.GET_ACCOUNTS
ADDED from src\main\AndroidManifest.xml:14:5-70
	android:name
		ADDED from src\main\AndroidManifest.xml:14:22-68
uses-permission#android.permission.READ_EXTERNAL_STORAGE
ADDED from src\main\AndroidManifest.xml:15:5-79
	android:name
		ADDED from src\main\AndroidManifest.xml:15:22-77
uses-permission#android.permission.BLUETOOTH
ADDED from src\main\AndroidManifest.xml:18:5-67
	android:name
		ADDED from src\main\AndroidManifest.xml:18:22-65
uses-permission#android.permission.BLUETOOTH_ADMIN
ADDED from src\main\AndroidManifest.xml:19:5-73
	android:name
		ADDED from src\main\AndroidManifest.xml:19:22-71
application
ADDED from src\main\AndroidManifest.xml:21:5-184:19
MERGED from [com.miguelcatalan:materialsearchview:1.4.0] AndroidManifest.xml:11:5-20
MERGED from [com.miguelcatalan:materialsearchview:1.4.0] AndroidManifest.xml:11:5-20
MERGED from [com.android.support:design:25.4.0] AndroidManifest.xml:25:5-29:19
MERGED from [com.android.support:design:25.4.0] AndroidManifest.xml:25:5-29:19
MERGED from [com.android.support:recyclerview-v7:25.4.0] AndroidManifest.xml:22:5-26:19
MERGED from [com.android.support:recyclerview-v7:25.4.0] AndroidManifest.xml:22:5-26:19
MERGED from [com.android.support:cardview-v7:25.4.0] AndroidManifest.xml:22:5-26:19
MERGED from [com.android.support:cardview-v7:25.4.0] AndroidManifest.xml:22:5-26:19
MERGED from [com.tbruyelle.rxpermissions2:rxpermissions:0.9.4] AndroidManifest.xml:11:5-20
MERGED from [com.tbruyelle.rxpermissions2:rxpermissions:0.9.4] AndroidManifest.xml:11:5-20
MERGED from [com.facebook.stetho:stetho-okhttp3:1.4.2] AndroidManifest.xml:11:5-20
MERGED from [com.facebook.stetho:stetho-okhttp3:1.4.2] AndroidManifest.xml:11:5-20
MERGED from [com.github.hymanme.tagflowlayout:tagflowlayout:0.2.2] AndroidManifest.xml:11:5-15:19
MERGED from [com.github.hymanme.tagflowlayout:tagflowlayout:0.2.2] AndroidManifest.xml:11:5-15:19
MERGED from [com.facebook.stetho:stetho:1.4.2] AndroidManifest.xml:11:5-20
MERGED from [com.facebook.stetho:stetho:1.4.2] AndroidManifest.xml:11:5-20
MERGED from [com.android.support:appcompat-v7:25.4.0] AndroidManifest.xml:25:5-29:19
MERGED from [com.android.support:appcompat-v7:25.4.0] AndroidManifest.xml:25:5-29:19
MERGED from [com.android.support.constraint:constraint-layout:1.0.2] AndroidManifest.xml:9:5-20
MERGED from [com.android.support.constraint:constraint-layout:1.0.2] AndroidManifest.xml:9:5-20
MERGED from [com.android.support:transition:25.4.0] AndroidManifest.xml:22:5-26:19
MERGED from [com.android.support:transition:25.4.0] AndroidManifest.xml:22:5-26:19
MERGED from [com.android.support:support-v4:25.4.0] AndroidManifest.xml:25:5-29:19
MERGED from [com.android.support:support-v4:25.4.0] AndroidManifest.xml:25:5-29:19
MERGED from [com.android.support:animated-vector-drawable:25.4.0] AndroidManifest.xml:22:5-26:19
MERGED from [com.android.support:animated-vector-drawable:25.4.0] AndroidManifest.xml:22:5-26:19
MERGED from [com.android.support:support-fragment:25.4.0] AndroidManifest.xml:25:5-29:19
MERGED from [com.android.support:support-fragment:25.4.0] AndroidManifest.xml:25:5-29:19
MERGED from [com.android.support:support-core-ui:25.4.0] AndroidManifest.xml:25:5-29:19
MERGED from [com.android.support:support-core-ui:25.4.0] AndroidManifest.xml:25:5-29:19
MERGED from [com.android.support:support-vector-drawable:25.4.0] AndroidManifest.xml:22:5-26:19
MERGED from [com.android.support:support-vector-drawable:25.4.0] AndroidManifest.xml:22:5-26:19
MERGED from [com.android.support:support-media-compat:25.4.0] AndroidManifest.xml:25:5-29:19
MERGED from [com.android.support:support-media-compat:25.4.0] AndroidManifest.xml:25:5-29:19
MERGED from [com.android.support:support-core-utils:25.4.0] AndroidManifest.xml:25:5-29:19
MERGED from [com.android.support:support-core-utils:25.4.0] AndroidManifest.xml:25:5-29:19
MERGED from [com.android.support:support-compat:25.4.0] AndroidManifest.xml:25:5-29:19
MERGED from [com.android.support:support-compat:25.4.0] AndroidManifest.xml:25:5-29:19
	android:supportsRtl
		ADDED from src\main\AndroidManifest.xml:27:9-35
	android:label
		ADDED from src\main\AndroidManifest.xml:25:9-41
	android:roundIcon
		ADDED from src\main\AndroidManifest.xml:26:9-54
	android:icon
		ADDED from src\main\AndroidManifest.xml:24:9-43
	android:allowBackup
		ADDED from src\main\AndroidManifest.xml:23:9-35
	android:theme
		ADDED from src\main\AndroidManifest.xml:28:9-44
	android:name
		ADDED from src\main\AndroidManifest.xml:22:9-28
activity#com.mob.tools.MobUIShell
ADDED from src\main\AndroidManifest.xml:29:9-52:20
	android:screenOrientation
		ADDED from src\main\AndroidManifest.xml:32:13-49
	android:windowSoftInputMode
		ADDED from src\main\AndroidManifest.xml:34:13-67
	android:configChanges
		ADDED from src\main\AndroidManifest.xml:31:13-74
	android:theme
		ADDED from src\main\AndroidManifest.xml:33:13-72
	android:name
		ADDED from src\main\AndroidManifest.xml:30:13-52
intent-filter#android.intent.action.VIEW+android.intent.category.BROWSABLE+android.intent.category.DEFAULT
ADDED from src\main\AndroidManifest.xml:37:13-44:29
data
ADDED from src\main\AndroidManifest.xml:38:17-58
	android:scheme
		ADDED from src\main\AndroidManifest.xml:38:23-56
action#android.intent.action.VIEW
ADDED from src\main\AndroidManifest.xml:40:17-68
	android:name
		ADDED from src\main\AndroidManifest.xml:40:25-66
category#android.intent.category.BROWSABLE
ADDED from src\main\AndroidManifest.xml:42:17-77
	android:name
		ADDED from src\main\AndroidManifest.xml:42:27-75
category#android.intent.category.DEFAULT
ADDED from src\main\AndroidManifest.xml:43:17-75
	android:name
		ADDED from src\main\AndroidManifest.xml:43:27-73
intent-filter#android.intent.category.DEFAULT+com.sina.weibo.sdk.action.ACTION_SDK_REQ_ACTIVITY
ADDED from src\main\AndroidManifest.xml:47:13-51:29
action#com.sina.weibo.sdk.action.ACTION_SDK_REQ_ACTIVITY
ADDED from src\main\AndroidManifest.xml:48:17-91
	android:name
		ADDED from src\main\AndroidManifest.xml:48:25-89
activity#com.yoyiyi.soleil.module.MainActivity
ADDED from src\main\AndroidManifest.xml:54:9-60:20
	android:name
		ADDED from src\main\AndroidManifest.xml:54:19-54
activity#com.yoyiyi.soleil.module.SplashActivity
ADDED from src\main\AndroidManifest.xml:61:9-68:20
	android:name
		ADDED from src\main\AndroidManifest.xml:61:19-56
intent-filter#android.intent.action.MAIN+android.intent.category.LAUNCHER
ADDED from src\main\AndroidManifest.xml:63:13-67:29
action#android.intent.action.MAIN
ADDED from src\main\AndroidManifest.xml:64:17-68
	android:name
		ADDED from src\main\AndroidManifest.xml:64:25-66
category#android.intent.category.LAUNCHER
ADDED from src\main\AndroidManifest.xml:66:17-76
	android:name
		ADDED from src\main\AndroidManifest.xml:66:27-74
activity#com.yoyiyi.soleil.module.app.BrowerActivity
ADDED from src\main\AndroidManifest.xml:71:9-74:51
	android:screenOrientation
		ADDED from src\main\AndroidManifest.xml:74:13-49
	android:launchMode
		ADDED from src\main\AndroidManifest.xml:73:13-44
	android:name
		ADDED from src\main\AndroidManifest.xml:72:13-54
activity#com.yoyiyi.soleil.module.region.AllRegionRankActivity
ADDED from src\main\AndroidManifest.xml:77:9-80:51
	android:screenOrientation
		ADDED from src\main\AndroidManifest.xml:80:13-49
	android:launchMode
		ADDED from src\main\AndroidManifest.xml:79:13-44
	android:name
		ADDED from src\main\AndroidManifest.xml:78:13-64
activity#com.yoyiyi.soleil.module.app.LoginActivity
ADDED from src\main\AndroidManifest.xml:82:9-85:51
	android:screenOrientation
		ADDED from src\main\AndroidManifest.xml:85:13-49
	android:launchMode
		ADDED from src\main\AndroidManifest.xml:84:13-44
	android:name
		ADDED from src\main\AndroidManifest.xml:83:13-53
activity#com.yoyiyi.soleil.module.region.RegionTypeActivity
ADDED from src\main\AndroidManifest.xml:87:9-90:51
	android:screenOrientation
		ADDED from src\main\AndroidManifest.xml:90:13-49
	android:launchMode
		ADDED from src\main\AndroidManifest.xml:89:13-44
	android:name
		ADDED from src\main\AndroidManifest.xml:88:13-61
activity#com.yoyiyi.soleil.module.region.AdActivity
ADDED from src\main\AndroidManifest.xml:91:9-94:51
	android:screenOrientation
		ADDED from src\main\AndroidManifest.xml:94:13-49
	android:launchMode
		ADDED from src\main\AndroidManifest.xml:93:13-44
	android:name
		ADDED from src\main\AndroidManifest.xml:92:13-53
activity#com.yoyiyi.soleil.module.entrance.VipActivity
ADDED from src\main\AndroidManifest.xml:96:9-99:51
	android:screenOrientation
		ADDED from src\main\AndroidManifest.xml:99:13-49
	android:launchMode
		ADDED from src\main\AndroidManifest.xml:98:13-44
	android:name
		ADDED from src\main\AndroidManifest.xml:97:13-56
activity#com.yoyiyi.soleil.module.entrance.OfflineDownloadActivity
ADDED from src\main\AndroidManifest.xml:101:9-104:51
	android:screenOrientation
		ADDED from src\main\AndroidManifest.xml:104:13-49
	android:launchMode
		ADDED from src\main\AndroidManifest.xml:103:13-44
	android:name
		ADDED from src\main\AndroidManifest.xml:102:13-68
activity#com.yoyiyi.soleil.module.discover.TopicCenterActivity
ADDED from src\main\AndroidManifest.xml:106:9-109:51
	android:screenOrientation
		ADDED from src\main\AndroidManifest.xml:109:13-49
	android:launchMode
		ADDED from src\main\AndroidManifest.xml:108:13-44
	android:name
		ADDED from src\main\AndroidManifest.xml:107:13-64
activity#com.yoyiyi.soleil.module.discover.ActivityCenterActivity
ADDED from src\main\AndroidManifest.xml:111:9-114:51
	android:screenOrientation
		ADDED from src\main\AndroidManifest.xml:114:13-49
	android:launchMode
		ADDED from src\main\AndroidManifest.xml:113:13-44
	android:name
		ADDED from src\main\AndroidManifest.xml:112:13-67
activity#com.yoyiyi.soleil.module.discover.GameCenterActivity
ADDED from src\main\AndroidManifest.xml:116:9-119:51
	android:screenOrientation
		ADDED from src\main\AndroidManifest.xml:119:13-49
	android:launchMode
		ADDED from src\main\AndroidManifest.xml:118:13-44
	android:name
		ADDED from src\main\AndroidManifest.xml:117:13-63
activity#com.yoyiyi.soleil.module.recommend.AllStationRankActivity
ADDED from src\main\AndroidManifest.xml:120:9-123:51
	android:screenOrientation
		ADDED from src\main\AndroidManifest.xml:123:13-49
	android:launchMode
		ADDED from src\main\AndroidManifest.xml:122:13-44
	android:name
		ADDED from src\main\AndroidManifest.xml:121:13-68
activity#com.yoyiyi.soleil.module.discover.AllGameActivity
ADDED from src\main\AndroidManifest.xml:126:9-129:51
	android:screenOrientation
		ADDED from src\main\AndroidManifest.xml:129:13-49
	android:launchMode
		ADDED from src\main\AndroidManifest.xml:128:13-44
	android:name
		ADDED from src\main\AndroidManifest.xml:127:13-60
activity#com.yoyiyi.soleil.module.discover.InterestActivity
ADDED from src\main\AndroidManifest.xml:131:9-134:51
	android:screenOrientation
		ADDED from src\main\AndroidManifest.xml:134:13-49
	android:launchMode
		ADDED from src\main\AndroidManifest.xml:133:13-44
	android:name
		ADDED from src\main\AndroidManifest.xml:132:13-61
activity#com.yoyiyi.soleil.module.bangumi.BangumiDetailActivity
ADDED from src\main\AndroidManifest.xml:137:9-140:51
	android:screenOrientation
		ADDED from src\main\AndroidManifest.xml:140:13-49
	android:launchMode
		ADDED from src\main\AndroidManifest.xml:139:13-44
	android:name
		ADDED from src\main\AndroidManifest.xml:138:13-65
activity#com.yoyiyi.soleil.module.bangumi.BangumiScheduleActivity
ADDED from src\main\AndroidManifest.xml:142:9-145:51
	android:screenOrientation
		ADDED from src\main\AndroidManifest.xml:145:13-49
	android:launchMode
		ADDED from src\main\AndroidManifest.xml:144:13-44
	android:name
		ADDED from src\main\AndroidManifest.xml:143:13-67
activity#com.yoyiyi.soleil.module.bangumi.BangumiIndexActivity
ADDED from src\main\AndroidManifest.xml:147:9-150:51
	android:screenOrientation
		ADDED from src\main\AndroidManifest.xml:150:13-49
	android:launchMode
		ADDED from src\main\AndroidManifest.xml:149:13-44
	android:name
		ADDED from src\main\AndroidManifest.xml:148:13-64
activity#com.yoyiyi.soleil.module.search.TotalSearchActivity
ADDED from src\main\AndroidManifest.xml:152:9-155:51
	android:screenOrientation
		ADDED from src\main\AndroidManifest.xml:155:13-49
	android:launchMode
		ADDED from src\main\AndroidManifest.xml:154:13-44
	android:name
		ADDED from src\main\AndroidManifest.xml:153:13-62
activity#com.yoyiyi.soleil.module.app.up.UpDetailActivity
ADDED from src\main\AndroidManifest.xml:157:9-160:51
	android:screenOrientation
		ADDED from src\main\AndroidManifest.xml:160:13-49
	android:launchMode
		ADDED from src\main\AndroidManifest.xml:159:13-44
	android:name
		ADDED from src\main\AndroidManifest.xml:158:13-59
activity#com.yoyiyi.soleil.module.search.SearchActivity
ADDED from src\main\AndroidManifest.xml:162:9-165:51
	android:screenOrientation
		ADDED from src\main\AndroidManifest.xml:165:13-49
	android:launchMode
		ADDED from src\main\AndroidManifest.xml:164:13-44
	android:name
		ADDED from src\main\AndroidManifest.xml:163:13-57
activity#com.yoyiyi.soleil.module.app.video.VideoPlayerActivity
ADDED from src\main\AndroidManifest.xml:167:9-175:62
	android:screenOrientation
		ADDED from src\main\AndroidManifest.xml:173:13-50
	android:label
		ADDED from src\main\AndroidManifest.xml:171:13-45
	android:launchMode
		ADDED from src\main\AndroidManifest.xml:172:13-43
	android:windowSoftInputMode
		ADDED from src\main\AndroidManifest.xml:175:13-60
	android:exported
		ADDED from src\main\AndroidManifest.xml:170:13-37
	android:configChanges
		ADDED from src\main\AndroidManifest.xml:169:13-113
	android:theme
		ADDED from src\main\AndroidManifest.xml:174:13-46
	android:name
		ADDED from src\main\AndroidManifest.xml:168:13-65
activity#com.yoyiyi.soleil.module.app.video.VideoDetailActivity
ADDED from src\main\AndroidManifest.xml:178:9-181:51
	android:screenOrientation
		ADDED from src\main\AndroidManifest.xml:181:13-49
	android:launchMode
		ADDED from src\main\AndroidManifest.xml:180:13-44
	android:name
		ADDED from src\main\AndroidManifest.xml:179:13-65
service#com.yoyiyi.soleil.utils.net.NetworkService
ADDED from src\main\AndroidManifest.xml:183:8-59
	android:name
		ADDED from src\main\AndroidManifest.xml:183:17-57
uses-sdk
INJECTED from src\main\AndroidManifest.xml reason: use-sdk injection requested
INJECTED from src\main\AndroidManifest.xml
INJECTED from src\main\AndroidManifest.xml
MERGED from [com.android.support:multidex:1.0.2] AndroidManifest.xml:20:5-43
MERGED from [com.android.support:multidex:1.0.2] AndroidManifest.xml:20:5-43
MERGED from [com.miguelcatalan:materialsearchview:1.4.0] AndroidManifest.xml:7:5-9:41
MERGED from [com.miguelcatalan:materialsearchview:1.4.0] AndroidManifest.xml:7:5-9:41
MERGED from [com.android.support:design:25.4.0] AndroidManifest.xml:21:5-23:62
MERGED from [com.android.support:design:25.4.0] AndroidManifest.xml:21:5-23:62
MERGED from [com.android.support:recyclerview-v7:25.4.0] AndroidManifest.xml:20:5-43
MERGED from [com.android.support:recyclerview-v7:25.4.0] AndroidManifest.xml:20:5-43
MERGED from [com.android.support:cardview-v7:25.4.0] AndroidManifest.xml:20:5-43
MERGED from [com.android.support:cardview-v7:25.4.0] AndroidManifest.xml:20:5-43
MERGED from [com.jakewharton.rxbinding2:rxbinding:2.0.0] AndroidManifest.xml:6:5-44
MERGED from [com.jakewharton.rxbinding2:rxbinding:2.0.0] AndroidManifest.xml:6:5-44
MERGED from [com.trello.rxlifecycle2:rxlifecycle-components:2.0.1] AndroidManifest.xml:17:5-44
MERGED from [com.trello.rxlifecycle2:rxlifecycle-components:2.0.1] AndroidManifest.xml:17:5-44
MERGED from [com.trello.rxlifecycle2:rxlifecycle-android:2.0.1] AndroidManifest.xml:17:5-44
MERGED from [com.trello.rxlifecycle2:rxlifecycle-android:2.0.1] AndroidManifest.xml:17:5-44
MERGED from [io.reactivex.rxjava2:rxandroid:2.0.1] AndroidManifest.xml:19:5-43
MERGED from [io.reactivex.rxjava2:rxandroid:2.0.1] AndroidManifest.xml:19:5-43
MERGED from [com.tbruyelle.rxpermissions2:rxpermissions:0.9.4] AndroidManifest.xml:7:5-9:41
MERGED from [com.tbruyelle.rxpermissions2:rxpermissions:0.9.4] AndroidManifest.xml:7:5-9:41
MERGED from [jp.wasabeef:glide-transformations:2.0.2] AndroidManifest.xml:8:5-10:41
MERGED from [jp.wasabeef:glide-transformations:2.0.2] AndroidManifest.xml:8:5-10:41
MERGED from [com.facebook.stetho:stetho-okhttp3:1.4.2] AndroidManifest.xml:7:5-9:41
MERGED from [com.facebook.stetho:stetho-okhttp3:1.4.2] AndroidManifest.xml:7:5-9:41
MERGED from [com.flyco.tablayout:FlycoTabLayout_Lib:2.1.2] AndroidManifest.xml:8:5-10:41
MERGED from [com.flyco.tablayout:FlycoTabLayout_Lib:2.1.2] AndroidManifest.xml:8:5-10:41
MERGED from [com.github.hymanme.tagflowlayout:tagflowlayout:0.2.2] AndroidManifest.xml:7:5-9:41
MERGED from [com.github.hymanme.tagflowlayout:tagflowlayout:0.2.2] AndroidManifest.xml:7:5-9:41
MERGED from [com.youth.banner:banner:1.4.9] AndroidManifest.xml:7:5-9:41
MERGED from [com.youth.banner:banner:1.4.9] AndroidManifest.xml:7:5-9:41
MERGED from [com.github.CymChad:BaseRecyclerViewAdapterHelper:2.9.16] AndroidManifest.xml:7:5-9:41
MERGED from [com.github.CymChad:BaseRecyclerViewAdapterHelper:2.9.16] AndroidManifest.xml:7:5-9:41
MERGED from [tv.danmaku.ijk.media:ijkplayer-java:0.8.0] AndroidManifest.xml:5:5-7:41
MERGED from [tv.danmaku.ijk.media:ijkplayer-java:0.8.0] AndroidManifest.xml:5:5-7:41
MERGED from [tv.danmaku.ijk.media:ijkplayer-armv7a:0.8.0] AndroidManifest.xml:5:5-7:41
MERGED from [tv.danmaku.ijk.media:ijkplayer-armv7a:0.8.0] AndroidManifest.xml:5:5-7:41
MERGED from [tv.danmaku.ijk.media:ijkplayer-armv5:0.8.0] AndroidManifest.xml:5:5-7:41
MERGED from [tv.danmaku.ijk.media:ijkplayer-armv5:0.8.0] AndroidManifest.xml:5:5-7:41
MERGED from [tv.danmaku.ijk.media:ijkplayer-x86:0.8.0] AndroidManifest.xml:5:5-7:41
MERGED from [tv.danmaku.ijk.media:ijkplayer-x86:0.8.0] AndroidManifest.xml:5:5-7:41
MERGED from [com.github.ctiao:DanmakuFlameMaster:0.5.6] AndroidManifest.xml:22:5-24:41
MERGED from [com.github.ctiao:DanmakuFlameMaster:0.5.6] AndroidManifest.xml:22:5-24:41
MERGED from [com.facebook.stetho:stetho:1.4.2] AndroidManifest.xml:7:5-9:41
MERGED from [com.facebook.stetho:stetho:1.4.2] AndroidManifest.xml:7:5-9:41
MERGED from [com.orhanobut:logger:1.15] AndroidManifest.xml:6:5-43
MERGED from [com.orhanobut:logger:1.15] AndroidManifest.xml:6:5-43
MERGED from [com.android.support:appcompat-v7:25.4.0] AndroidManifest.xml:21:5-23:78
MERGED from [com.android.support:appcompat-v7:25.4.0] AndroidManifest.xml:21:5-23:78
MERGED from [com.android.support.constraint:constraint-layout:1.0.2] AndroidManifest.xml:5:5-7:41
MERGED from [com.android.support.constraint:constraint-layout:1.0.2] AndroidManifest.xml:5:5-7:41
MERGED from [com.android.support:transition:25.4.0] AndroidManifest.xml:20:5-44
MERGED from [com.android.support:transition:25.4.0] AndroidManifest.xml:20:5-44
MERGED from [com.android.support:support-v4:25.4.0] AndroidManifest.xml:21:5-23:54
MERGED from [com.android.support:support-v4:25.4.0] AndroidManifest.xml:21:5-23:54
MERGED from [com.android.support:animated-vector-drawable:25.4.0] AndroidManifest.xml:20:5-44
MERGED from [com.android.support:animated-vector-drawable:25.4.0] AndroidManifest.xml:20:5-44
MERGED from [com.android.support:support-fragment:25.4.0] AndroidManifest.xml:21:5-23:60
MERGED from [com.android.support:support-fragment:25.4.0] AndroidManifest.xml:21:5-23:60
MERGED from [com.android.support:support-core-ui:25.4.0] AndroidManifest.xml:21:5-23:58
MERGED from [com.android.support:support-core-ui:25.4.0] AndroidManifest.xml:21:5-23:58
MERGED from [com.android.support:support-vector-drawable:25.4.0] AndroidManifest.xml:20:5-43
MERGED from [com.android.support:support-vector-drawable:25.4.0] AndroidManifest.xml:20:5-43
MERGED from [com.android.support:support-media-compat:25.4.0] AndroidManifest.xml:21:5-23:63
MERGED from [com.android.support:support-media-compat:25.4.0] AndroidManifest.xml:21:5-23:63
MERGED from [com.android.support:support-core-utils:25.4.0] AndroidManifest.xml:21:5-23:61
MERGED from [com.android.support:support-core-utils:25.4.0] AndroidManifest.xml:21:5-23:61
MERGED from [com.android.support:support-compat:25.4.0] AndroidManifest.xml:21:5-23:58
MERGED from [com.android.support:support-compat:25.4.0] AndroidManifest.xml:21:5-23:58
INJECTED from src\main\AndroidManifest.xml
INJECTED from src\main\AndroidManifest.xml
	tools:overrideLibrary
		ADDED from [com.android.support:design:25.4.0] AndroidManifest.xml:23:9-59
	android:targetSdkVersion
		INJECTED from src\main\AndroidManifest.xml
		ADDED from src\main\AndroidManifest.xml
		INJECTED from src\main\AndroidManifest.xml
	android:minSdkVersion
		INJECTED from src\main\AndroidManifest.xml
		ADDED from src\main\AndroidManifest.xml
		INJECTED from src\main\AndroidManifest.xml
meta-data#android.support.VERSION
ADDED from [com.android.support:design:25.4.0] AndroidManifest.xml:26:9-28:38
MERGED from [com.android.support:recyclerview-v7:25.4.0] AndroidManifest.xml:23:9-25:38
MERGED from [com.android.support:recyclerview-v7:25.4.0] AndroidManifest.xml:23:9-25:38
MERGED from [com.android.support:cardview-v7:25.4.0] AndroidManifest.xml:23:9-25:38
MERGED from [com.android.support:cardview-v7:25.4.0] AndroidManifest.xml:23:9-25:38
MERGED from [com.android.support:appcompat-v7:25.4.0] AndroidManifest.xml:26:9-28:38
MERGED from [com.android.support:appcompat-v7:25.4.0] AndroidManifest.xml:26:9-28:38
MERGED from [com.android.support:transition:25.4.0] AndroidManifest.xml:23:9-25:38
MERGED from [com.android.support:transition:25.4.0] AndroidManifest.xml:23:9-25:38
MERGED from [com.android.support:support-v4:25.4.0] AndroidManifest.xml:26:9-28:38
MERGED from [com.android.support:support-v4:25.4.0] AndroidManifest.xml:26:9-28:38
MERGED from [com.android.support:animated-vector-drawable:25.4.0] AndroidManifest.xml:23:9-25:38
MERGED from [com.android.support:animated-vector-drawable:25.4.0] AndroidManifest.xml:23:9-25:38
MERGED from [com.android.support:support-fragment:25.4.0] AndroidManifest.xml:26:9-28:38
MERGED from [com.android.support:support-fragment:25.4.0] AndroidManifest.xml:26:9-28:38
MERGED from [com.android.support:support-core-ui:25.4.0] AndroidManifest.xml:26:9-28:38
MERGED from [com.android.support:support-core-ui:25.4.0] AndroidManifest.xml:26:9-28:38
MERGED from [com.android.support:support-vector-drawable:25.4.0] AndroidManifest.xml:23:9-25:38
MERGED from [com.android.support:support-vector-drawable:25.4.0] AndroidManifest.xml:23:9-25:38
MERGED from [com.android.support:support-media-compat:25.4.0] AndroidManifest.xml:26:9-28:38
MERGED from [com.android.support:support-media-compat:25.4.0] AndroidManifest.xml:26:9-28:38
MERGED from [com.android.support:support-core-utils:25.4.0] AndroidManifest.xml:26:9-28:38
MERGED from [com.android.support:support-core-utils:25.4.0] AndroidManifest.xml:26:9-28:38
MERGED from [com.android.support:support-compat:25.4.0] AndroidManifest.xml:26:9-28:38
MERGED from [com.android.support:support-compat:25.4.0] AndroidManifest.xml:26:9-28:38
	android:value
		ADDED from [com.android.support:design:25.4.0] AndroidManifest.xml:28:13-35
	android:name
		ADDED from [com.android.support:design:25.4.0] AndroidManifest.xml:27:13-51